This file contains any messages produced by compilers while
running configure, to aid debugging if configure makes a mistake.

It was created by osl configure 0.9.0, which was
generated by GNU Autoconf 2.68.  Invocation command line was

  $ ./configure --disable-option-checking --prefix=/usr/local --cache-file=/dev/null --srcdir=.

## --------- ##
## Platform. ##
## --------- ##

hostname = marek-HP-Laptop-15s-fq5xxx
uname -m = x86_64
uname -r = 6.8.0-44-generic
uname -s = Linux
uname -v = #44-Ubuntu SMP PREEMPT_DYNAMIC Tue Aug 13 13:35:26 UTC 2024

/usr/bin/uname -p = x86_64
/bin/uname -X     = unknown

/bin/arch              = x86_64
/usr/bin/arch -k       = unknown
/usr/convex/getsysinfo = unknown
/usr/bin/hostinfo      = unknown
/bin/machine           = unknown
/usr/bin/oslevel       = unknown
/bin/universe          = unknown

PATH: /usr/local/sbin
PATH: /usr/local/bin
PATH: /usr/sbin
PATH: /usr/bin
PATH: /sbin
PATH: /bin
PATH: /snap/bin


## ----------- ##
## Core tests. ##
## ----------- ##

configure:2314: checking for a BSD-compatible install
configure:2382: result: /usr/bin/install -c
configure:2393: checking whether build environment is sane
configure:2443: result: yes
configure:2584: checking for a thread-safe mkdir -p
configure:2623: result: /usr/bin/mkdir -p
configure:2636: checking for gawk
configure:2652: found /usr/bin/gawk
configure:2663: result: gawk
configure:2674: checking whether make sets $(MAKE)
configure:2696: result: yes
configure:2840: checking for gcc
configure:2856: found /usr/bin/gcc
configure:2867: result: gcc
configure:3096: checking for C compiler version
configure:3105: gcc --version >&5
gcc (Ubuntu 13.2.0-23ubuntu4) 13.2.0
Copyright (C) 2023 Free Software Foundation, Inc.
This is free software; see the source for copying conditions.  There is NO
warranty; not even for MERCHANTABILITY or FITNESS FOR A PARTICULAR PURPOSE.

configure:3116: $? = 0
configure:3105: gcc -v >&5
Using built-in specs.
COLLECT_GCC=gcc
COLLECT_LTO_WRAPPER=/usr/libexec/gcc/x86_64-linux-gnu/13/lto-wrapper
OFFLOAD_TARGET_NAMES=nvptx-none:amdgcn-amdhsa
OFFLOAD_TARGET_DEFAULT=1
Target: x86_64-linux-gnu
Configured with: ../src/configure -v --with-pkgversion='Ubuntu 13.2.0-23ubuntu4' --with-bugurl=file:///usr/share/doc/gcc-13/README.Bugs --enable-languages=c,ada,c++,go,d,fortran,objc,obj-c++,m2 --prefix=/usr --with-gcc-major-version-only --program-suffix=-13 --program-prefix=x86_64-linux-gnu- --enable-shared --enable-linker-build-id --libexecdir=/usr/libexec --without-included-gettext --enable-threads=posix --libdir=/usr/lib --enable-nls --enable-clocale=gnu --enable-libstdcxx-debug --enable-libstdcxx-time=yes --with-default-libstdcxx-abi=new --enable-libstdcxx-backtrace --enable-gnu-unique-object --disable-vtable-verify --enable-plugin --enable-default-pie --with-system-zlib --enable-libphobos-checking=release --with-target-system-zlib=auto --enable-objc-gc=auto --enable-multiarch --disable-werror --enable-cet --with-arch-32=i686 --with-abi=m64 --with-multilib-list=m32,m64,mx32 --enable-multilib --with-tune=generic --enable-offload-targets=nvptx-none=/build/gcc-13-uJ7kn6/gcc-13-13.2.0/debian/tmp-nvptx/usr,amdgcn-amdhsa=/build/gcc-13-uJ7kn6/gcc-13-13.2.0/debian/tmp-gcn/usr --enable-offload-defaulted --without-cuda-driver --enable-checking=release --build=x86_64-linux-gnu --host=x86_64-linux-gnu --target=x86_64-linux-gnu
Thread model: posix
Supported LTO compression algorithms: zlib zstd
gcc version 13.2.0 (Ubuntu 13.2.0-23ubuntu4) 
... rest of stderr output deleted ...
configure:3116: $? = 0
configure:3105: gcc -V >&5
gcc: error: unrecognized command-line option '-V'
gcc: fatal error: no input files
compilation terminated.
configure:3116: $? = 1
configure:3105: gcc -qversion >&5
gcc: error: unrecognized command-line option '-qversion'; did you mean '--version'?
gcc: fatal error: no input files
compilation terminated.
configure:3116: $? = 1
configure:3136: checking whether the C compiler works
configure:3158: gcc    conftest.c  >&5
configure:3162: $? = 0
configure:3210: result: yes
configure:3213: checking for C compiler default output file name
configure:3215: result: a.out
configure:3221: checking for suffix of executables
configure:3228: gcc -o conftest    conftest.c  >&5
configure:3232: $? = 0
configure:3254: result: 
configure:3276: checking whether we are cross compiling
configure:3284: gcc -o conftest    conftest.c  >&5
configure:3288: $? = 0
configure:3295: ./conftest
configure:3299: $? = 0
configure:3314: result: no
configure:3319: checking for suffix of object files
configure:3341: gcc -c   conftest.c >&5
configure:3345: $? = 0
configure:3366: result: o
configure:3370: checking whether we are using the GNU C compiler
configure:3389: gcc -c   conftest.c >&5
configure:3389: $? = 0
configure:3398: result: yes
configure:3407: checking whether gcc accepts -g
configure:3427: gcc -c -g  conftest.c >&5
configure:3427: $? = 0
configure:3468: result: yes
configure:3485: checking for gcc option to accept ISO C89
configure:3549: gcc  -c -g -O2  conftest.c >&5
configure:3549: $? = 0
configure:3562: result: none needed
configure:3593: checking for style of include used by make
configure:3621: result: GNU
configure:3646: checking dependency style of gcc
configure:3756: result: gcc3
configure:3771: checking whether ln -s works
configure:3775: result: yes
configure:3782: checking whether make sets $(MAKE)
configure:3804: result: yes
configure:3815: checking for cd
configure:3845: result: no
configure:3880: checking build system type
configure:3894: result: x86_64-unknown-linux-gnu
configure:3914: checking host system type
configure:3927: result: x86_64-unknown-linux-gnu
configure:3968: checking how to print strings
configure:3995: result: printf
configure:4016: checking for a sed that does not truncate output
configure:4080: result: /usr/bin/sed
configure:4098: checking for grep that handles long lines and -e
configure:4156: result: /usr/bin/grep
configure:4161: checking for egrep
configure:4223: result: /usr/bin/grep -E
configure:4228: checking for fgrep
configure:4290: result: /usr/bin/grep -F
configure:4325: checking for ld used by gcc
configure:4392: result: /usr/bin/ld
configure:4399: checking if the linker (/usr/bin/ld) is GNU ld
configure:4414: result: yes
configure:4426: checking for BSD- or MS-compatible name lister (nm)
configure:4475: result: /usr/bin/nm -B
configure:4605: checking the name lister (/usr/bin/nm -B) interface
configure:4612: gcc -c -g -O2  conftest.c >&5
configure:4615: /usr/bin/nm -B "conftest.o"
configure:4618: output
0000000000000000 B some_variable
configure:4625: result: BSD nm
configure:4629: checking the maximum length of command line arguments
configure:4754: result: 1572864
configure:4771: checking whether the shell understands some XSI constructs
configure:4781: result: yes
configure:4785: checking whether the shell understands "+="
configure:4791: result: yes
configure:4826: checking how to convert x86_64-unknown-linux-gnu file names to x86_64-unknown-linux-gnu format
configure:4866: result: func_convert_file_noop
configure:4873: checking how to convert x86_64-unknown-linux-gnu file names to toolchain format
configure:4893: result: func_convert_file_noop
configure:4900: checking for /usr/bin/ld option to reload object files
configure:4907: result: -r
configure:4981: checking for objdump
configure:4997: found /usr/bin/objdump
configure:5008: result: objdump
configure:5040: checking how to recognize dependent libraries
configure:5242: result: pass_all
configure:5327: checking for dlltool
configure:5357: result: no
configure:5387: checking how to associate runtime and link libraries
configure:5414: result: printf %s\n
configure:5475: checking for ar
configure:5491: found /usr/bin/ar
configure:5502: result: ar
configure:5539: checking for archiver @FILE support
configure:5556: gcc -c -g -O2  conftest.c >&5
configure:5556: $? = 0
configure:5559: ar cru libconftest.a @conftest.lst >&5
ar: `u' modifier ignored since `D' is the default (see `U')
configure:5562: $? = 0
configure:5567: ar cru libconftest.a @conftest.lst >&5
ar: `u' modifier ignored since `D' is the default (see `U')
ar: conftest.o: No such file or directory
configure:5570: $? = 1
configure:5582: result: @
configure:5640: checking for strip
configure:5656: found /usr/bin/strip
configure:5667: result: strip
configure:5739: checking for ranlib
configure:5755: found /usr/bin/ranlib
configure:5766: result: ranlib
configure:5868: checking command to parse /usr/bin/nm -B output from gcc object
configure:5987: gcc -c -g -O2  conftest.c >&5
configure:5990: $? = 0
configure:5994: /usr/bin/nm -B conftest.o \| sed -n -e 's/^.*[ ]\([ABCDGIRSTW][ABCDGIRSTW]*\)[ ][ ]*\([_A-Za-z][_A-Za-z0-9]*\)$/\1 \2 \2/p' | sed '/ __gnu_lto/d' \> conftest.nm
configure:5997: $? = 0
configure:6063: gcc -o conftest -g -O2   conftest.c conftstm.o >&5
configure:6066: $? = 0
configure:6104: result: ok
configure:6141: checking for sysroot
configure:6171: result: no
configure:6248: gcc -c -g -O2  conftest.c >&5
configure:6251: $? = 0
configure:6414: checking for mt
configure:6430: found /usr/bin/mt
configure:6441: result: mt
configure:6464: checking if mt is a manifest tool
configure:6470: mt '-?'
configure:6478: result: no
configure:7110: checking how to run the C preprocessor
configure:7141: gcc -E  conftest.c
configure:7141: $? = 0
configure:7155: gcc -E  conftest.c
conftest.c:11:10: fatal error: ac_nonexistent.h: No such file or directory
   11 | #include <ac_nonexistent.h>
      |          ^~~~~~~~~~~~~~~~~~
compilation terminated.
configure:7155: $? = 1
configure: failed program was:
| /* confdefs.h */
| #define PACKAGE_NAME "osl"
| #define PACKAGE_TARNAME "osl"
| #define PACKAGE_VERSION "0.9.0"
| #define PACKAGE_STRING "osl 0.9.0"
| #define PACKAGE_BUGREPORT "cedric.bastoul@u-psud.fr,pouchet@cse.ohio-state.edu"
| #define PACKAGE_URL ""
| #define PACKAGE "osl"
| #define VERSION "0.9.0"
| /* end confdefs.h.  */
| #include <ac_nonexistent.h>
configure:7180: result: gcc -E
configure:7200: gcc -E  conftest.c
configure:7200: $? = 0
configure:7214: gcc -E  conftest.c
conftest.c:11:10: fatal error: ac_nonexistent.h: No such file or directory
   11 | #include <ac_nonexistent.h>
      |          ^~~~~~~~~~~~~~~~~~
compilation terminated.
configure:7214: $? = 1
configure: failed program was:
| /* confdefs.h */
| #define PACKAGE_NAME "osl"
| #define PACKAGE_TARNAME "osl"
| #define PACKAGE_VERSION "0.9.0"
| #define PACKAGE_STRING "osl 0.9.0"
| #define PACKAGE_BUGREPORT "cedric.bastoul@u-psud.fr,pouchet@cse.ohio-state.edu"
| #define PACKAGE_URL ""
| #define PACKAGE "osl"
| #define VERSION "0.9.0"
| /* end confdefs.h.  */
| #include <ac_nonexistent.h>
configure:7243: checking for ANSI C header files
configure:7263: gcc -c -g -O2  conftest.c >&5
configure:7263: $? = 0
configure:7336: gcc -o conftest -g -O2   conftest.c  >&5
configure:7336: $? = 0
configure:7336: ./conftest
configure:7336: $? = 0
configure:7347: result: yes
configure:7360: checking for sys/types.h
configure:7360: gcc -c -g -O2  conftest.c >&5
configure:7360: $? = 0
configure:7360: result: yes
configure:7360: checking for sys/stat.h
configure:7360: gcc -c -g -O2  conftest.c >&5
configure:7360: $? = 0
configure:7360: result: yes
configure:7360: checking for stdlib.h
configure:7360: gcc -c -g -O2  conftest.c >&5
configure:7360: $? = 0
configure:7360: result: yes
configure:7360: checking for string.h
configure:7360: gcc -c -g -O2  conftest.c >&5
configure:7360: $? = 0
configure:7360: result: yes
configure:7360: checking for memory.h
configure:7360: gcc -c -g -O2  conftest.c >&5
configure:7360: $? = 0
configure:7360: result: yes
configure:7360: checking for strings.h
configure:7360: gcc -c -g -O2  conftest.c >&5
configure:7360: $? = 0
configure:7360: result: yes
configure:7360: checking for inttypes.h
configure:7360: gcc -c -g -O2  conftest.c >&5
configure:7360: $? = 0
configure:7360: result: yes
configure:7360: checking for stdint.h
configure:7360: gcc -c -g -O2  conftest.c >&5
configure:7360: $? = 0
configure:7360: result: yes
configure:7360: checking for unistd.h
configure:7360: gcc -c -g -O2  conftest.c >&5
configure:7360: $? = 0
configure:7360: result: yes
configure:7374: checking for dlfcn.h
configure:7374: gcc -c -g -O2  conftest.c >&5
configure:7374: $? = 0
configure:7374: result: yes
configure:7561: checking for objdir
configure:7576: result: .libs
configure:7847: checking if gcc supports -fno-rtti -fno-exceptions
configure:7865: gcc -c -g -O2  -fno-rtti -fno-exceptions conftest.c >&5
cc1: warning: command-line option '-fno-rtti' is valid for C++/D/ObjC++ but not for C
configure:7869: $? = 0
configure:7882: result: no
configure:8192: checking for gcc option to produce PIC
configure:8199: result: -fPIC -DPIC
configure:8207: checking if gcc PIC flag -fPIC -DPIC works
configure:8225: gcc -c -g -O2  -fPIC -DPIC -DPIC conftest.c >&5
configure:8229: $? = 0
configure:8242: result: yes
configure:8271: checking if gcc static flag -static works
configure:8299: result: yes
configure:8314: checking if gcc supports -c -o file.o
configure:8335: gcc -c -g -O2  -o out/conftest2.o conftest.c >&5
configure:8339: $? = 0
configure:8361: result: yes
configure:8369: checking if gcc supports -c -o file.o
configure:8416: result: yes
configure:8449: checking whether the gcc linker (/usr/bin/ld -m elf_x86_64) supports shared libraries
configure:9607: result: yes
configure:9644: checking whether -lc should be explicitly linked in
configure:9652: gcc -c -g -O2  conftest.c >&5
configure:9655: $? = 0
configure:9670: gcc -shared  -fPIC -DPIC conftest.o  -v -Wl,-soname -Wl,conftest -o conftest 2\>\&1 \| /usr/bin/grep  -lc  \>/dev/null 2\>\&1
configure:9673: $? = 0
configure:9687: result: no
configure:9852: checking dynamic linker characteristics
configure:10366: gcc -o conftest -g -O2   -Wl,-rpath -Wl,/foo conftest.c  >&5
configure:10366: $? = 0
configure:10588: result: GNU/Linux ld.so
configure:10695: checking how to hardcode library paths into programs
configure:10720: result: immediate
configure:11260: checking whether stripping libraries is possible
configure:11265: result: yes
configure:11300: checking if libtool supports shared libraries
configure:11302: result: yes
configure:11305: checking whether to build shared libraries
configure:11326: result: yes
configure:11329: checking whether to build static libraries
configure:11333: result: yes
configure:11373: checking for doxygen
configure:11403: result: no
configure:11416: checking for texi2pdf
configure:11432: found /usr/bin/texi2pdf
configure:11443: result: texi2pdf
configure:11465: checking for C compiler vendor
configure:11489: gcc -c -g -O2  conftest.c >&5
conftest.c: In function 'main':
conftest.c:29:7: error: 'thisisanerror' undeclared (first use in this function)
   29 |       thisisanerror;
      |       ^~~~~~~~~~~~~
conftest.c:29:7: note: each undeclared identifier is reported only once for each function it appears in
configure:11489: $? = 1
configure: failed program was:
| /* confdefs.h */
| #define PACKAGE_NAME "osl"
| #define PACKAGE_TARNAME "osl"
| #define PACKAGE_VERSION "0.9.0"
| #define PACKAGE_STRING "osl 0.9.0"
| #define PACKAGE_BUGREPORT "cedric.bastoul@u-psud.fr,pouchet@cse.ohio-state.edu"
| #define PACKAGE_URL ""
| #define PACKAGE "osl"
| #define VERSION "0.9.0"
| #define STDC_HEADERS 1
| #define HAVE_SYS_TYPES_H 1
| #define HAVE_SYS_STAT_H 1
| #define HAVE_STDLIB_H 1
| #define HAVE_STRING_H 1
| #define HAVE_MEMORY_H 1
| #define HAVE_STRINGS_H 1
| #define HAVE_INTTYPES_H 1
| #define HAVE_STDINT_H 1
| #define HAVE_UNISTD_H 1
| #define HAVE_DLFCN_H 1
| #define LT_OBJDIR ".libs/"
| /* end confdefs.h.  */
| 
| int
| main ()
| {
| 
| #if !(defined(__ICC) || defined(__ECC) || defined(__INTEL_COMPILER))
|       thisisanerror;
| #endif
| 
|   ;
|   return 0;
| }
configure:11489: gcc -c -g -O2  conftest.c >&5
conftest.c: In function 'main':
conftest.c:29:7: error: 'thisisanerror' undeclared (first use in this function)
   29 |       thisisanerror;
      |       ^~~~~~~~~~~~~
conftest.c:29:7: note: each undeclared identifier is reported only once for each function it appears in
configure:11489: $? = 1
configure: failed program was:
| /* confdefs.h */
| #define PACKAGE_NAME "osl"
| #define PACKAGE_TARNAME "osl"
| #define PACKAGE_VERSION "0.9.0"
| #define PACKAGE_STRING "osl 0.9.0"
| #define PACKAGE_BUGREPORT "cedric.bastoul@u-psud.fr,pouchet@cse.ohio-state.edu"
| #define PACKAGE_URL ""
| #define PACKAGE "osl"
| #define VERSION "0.9.0"
| #define STDC_HEADERS 1
| #define HAVE_SYS_TYPES_H 1
| #define HAVE_SYS_STAT_H 1
| #define HAVE_STDLIB_H 1
| #define HAVE_STRING_H 1
| #define HAVE_MEMORY_H 1
| #define HAVE_STRINGS_H 1
| #define HAVE_INTTYPES_H 1
| #define HAVE_STDINT_H 1
| #define HAVE_UNISTD_H 1
| #define HAVE_DLFCN_H 1
| #define LT_OBJDIR ".libs/"
| /* end confdefs.h.  */
| 
| int
| main ()
| {
| 
| #if !(defined(__xlc__) || defined(__xlC__) || defined(__IBMC__) || defined(__IBMCPP__))
|       thisisanerror;
| #endif
| 
|   ;
|   return 0;
| }
configure:11489: gcc -c -g -O2  conftest.c >&5
conftest.c: In function 'main':
conftest.c:29:7: error: 'thisisanerror' undeclared (first use in this function)
   29 |       thisisanerror;
      |       ^~~~~~~~~~~~~
conftest.c:29:7: note: each undeclared identifier is reported only once for each function it appears in
configure:11489: $? = 1
configure: failed program was:
| /* confdefs.h */
| #define PACKAGE_NAME "osl"
| #define PACKAGE_TARNAME "osl"
| #define PACKAGE_VERSION "0.9.0"
| #define PACKAGE_STRING "osl 0.9.0"
| #define PACKAGE_BUGREPORT "cedric.bastoul@u-psud.fr,pouchet@cse.ohio-state.edu"
| #define PACKAGE_URL ""
| #define PACKAGE "osl"
| #define VERSION "0.9.0"
| #define STDC_HEADERS 1
| #define HAVE_SYS_TYPES_H 1
| #define HAVE_SYS_STAT_H 1
| #define HAVE_STDLIB_H 1
| #define HAVE_STRING_H 1
| #define HAVE_MEMORY_H 1
| #define HAVE_STRINGS_H 1
| #define HAVE_INTTYPES_H 1
| #define HAVE_STDINT_H 1
| #define HAVE_UNISTD_H 1
| #define HAVE_DLFCN_H 1
| #define LT_OBJDIR ".libs/"
| /* end confdefs.h.  */
| 
| int
| main ()
| {
| 
| #if !(defined(__PATHCC__) || defined(__PATHSCALE__))
|       thisisanerror;
| #endif
| 
|   ;
|   return 0;
| }
configure:11489: gcc -c -g -O2  conftest.c >&5
configure:11489: $? = 0
configure:11496: result: gnu
configure:11755: checking whether C compiler accepts -malign-double
configure:11774: gcc -c -malign-double  conftest.c >&5
configure:11774: $? = 0
configure:11784: result: yes
configure:11794: checking whether C compiler accepts -fstrict-aliasing
configure:11813: gcc -c -fstrict-aliasing  conftest.c >&5
configure:11813: $? = 0
configure:11823: result: yes
configure:11833: checking whether C compiler accepts -ffast-math
configure:11852: gcc -c -ffast-math  conftest.c >&5
configure:11852: $? = 0
configure:11862: result: yes
configure:11883: checking for gcc architecture flag
configure:11885: result: 
configure:11907: checking for x86 cpuid 0 output
configure:11936: gcc -o conftest -O3 -fomit-frame-pointer -malign-double -fstrict-aliasing -ffast-math   conftest.c  >&5
configure:11936: $? = 0
configure:11936: ./conftest
configure:11936: $? = 0
configure:11946: result: 20:756e6547:6c65746e:49656e69
configure:11962: checking for x86 cpuid 1 output
configure:11991: gcc -o conftest -O3 -fomit-frame-pointer -malign-double -fstrict-aliasing -ffast-math   conftest.c  >&5
configure:11991: $? = 0
configure:11991: ./conftest
configure:11991: $? = 0
configure:12001: result: 906a4:1e400800:7ffafbff:bfebfbff
configure:12215: checking whether C compiler accepts -march=pentium2
configure:12230: gcc -c -march=pentium2  conftest.c >&5
cc1: error: CPU you selected does not support x86-64 instruction set
cc1: error: '-fcf-protection=full' is not supported for this target
configure:12230: $? = 1
configure: failed program was:
| /* confdefs.h */
| #define PACKAGE_NAME "osl"
| #define PACKAGE_TARNAME "osl"
| #define PACKAGE_VERSION "0.9.0"
| #define PACKAGE_STRING "osl 0.9.0"
| #define PACKAGE_BUGREPORT "cedric.bastoul@u-psud.fr,pouchet@cse.ohio-state.edu"
| #define PACKAGE_URL ""
| #define PACKAGE "osl"
| #define VERSION "0.9.0"
| #define STDC_HEADERS 1
| #define HAVE_SYS_TYPES_H 1
| #define HAVE_SYS_STAT_H 1
| #define HAVE_STDLIB_H 1
| #define HAVE_STRING_H 1
| #define HAVE_MEMORY_H 1
| #define HAVE_STRINGS_H 1
| #define HAVE_INTTYPES_H 1
| #define HAVE_STDINT_H 1
| #define HAVE_UNISTD_H 1
| #define HAVE_DLFCN_H 1
| #define LT_OBJDIR ".libs/"
| /* end confdefs.h.  */
| 
| int
| main ()
| {
| 
|   ;
|   return 0;
| }
configure:12238: result: no
configure:12215: checking whether C compiler accepts -mcpu=pentium2
configure:12230: gcc -c -mcpu=pentium2  conftest.c >&5
gcc: warning: '-mcpu=' is deprecated; use '-mtune=' or '-march=' instead
cc1: error: CPU you selected does not support x86-64 instruction set
configure:12230: $? = 1
configure: failed program was:
| /* confdefs.h */
| #define PACKAGE_NAME "osl"
| #define PACKAGE_TARNAME "osl"
| #define PACKAGE_VERSION "0.9.0"
| #define PACKAGE_STRING "osl 0.9.0"
| #define PACKAGE_BUGREPORT "cedric.bastoul@u-psud.fr,pouchet@cse.ohio-state.edu"
| #define PACKAGE_URL ""
| #define PACKAGE "osl"
| #define VERSION "0.9.0"
| #define STDC_HEADERS 1
| #define HAVE_SYS_TYPES_H 1
| #define HAVE_SYS_STAT_H 1
| #define HAVE_STDLIB_H 1
| #define HAVE_STRING_H 1
| #define HAVE_MEMORY_H 1
| #define HAVE_STRINGS_H 1
| #define HAVE_INTTYPES_H 1
| #define HAVE_STDINT_H 1
| #define HAVE_UNISTD_H 1
| #define HAVE_DLFCN_H 1
| #define LT_OBJDIR ".libs/"
| /* end confdefs.h.  */
| 
| int
| main ()
| {
| 
|   ;
|   return 0;
| }
configure:12238: result: no
configure:12215: checking whether C compiler accepts -mpentium2
configure:12230: gcc -c -mpentium2  conftest.c >&5
gcc: error: unrecognized command-line option '-mpentium2'
configure:12230: $? = 1
configure: failed program was:
| /* confdefs.h */
| #define PACKAGE_NAME "osl"
| #define PACKAGE_TARNAME "osl"
| #define PACKAGE_VERSION "0.9.0"
| #define PACKAGE_STRING "osl 0.9.0"
| #define PACKAGE_BUGREPORT "cedric.bastoul@u-psud.fr,pouchet@cse.ohio-state.edu"
| #define PACKAGE_URL ""
| #define PACKAGE "osl"
| #define VERSION "0.9.0"
| #define STDC_HEADERS 1
| #define HAVE_SYS_TYPES_H 1
| #define HAVE_SYS_STAT_H 1
| #define HAVE_STDLIB_H 1
| #define HAVE_STRING_H 1
| #define HAVE_MEMORY_H 1
| #define HAVE_STRINGS_H 1
| #define HAVE_INTTYPES_H 1
| #define HAVE_STDINT_H 1
| #define HAVE_UNISTD_H 1
| #define HAVE_DLFCN_H 1
| #define LT_OBJDIR ".libs/"
| /* end confdefs.h.  */
| 
| int
| main ()
| {
| 
|   ;
|   return 0;
| }
configure:12238: result: no
configure:12215: checking whether C compiler accepts -march=pentiumpro
configure:12230: gcc -c -march=pentiumpro  conftest.c >&5
cc1: error: CPU you selected does not support x86-64 instruction set
cc1: error: '-fcf-protection=full' is not supported for this target
configure:12230: $? = 1
configure: failed program was:
| /* confdefs.h */
| #define PACKAGE_NAME "osl"
| #define PACKAGE_TARNAME "osl"
| #define PACKAGE_VERSION "0.9.0"
| #define PACKAGE_STRING "osl 0.9.0"
| #define PACKAGE_BUGREPORT "cedric.bastoul@u-psud.fr,pouchet@cse.ohio-state.edu"
| #define PACKAGE_URL ""
| #define PACKAGE "osl"
| #define VERSION "0.9.0"
| #define STDC_HEADERS 1
| #define HAVE_SYS_TYPES_H 1
| #define HAVE_SYS_STAT_H 1
| #define HAVE_STDLIB_H 1
| #define HAVE_STRING_H 1
| #define HAVE_MEMORY_H 1
| #define HAVE_STRINGS_H 1
| #define HAVE_INTTYPES_H 1
| #define HAVE_STDINT_H 1
| #define HAVE_UNISTD_H 1
| #define HAVE_DLFCN_H 1
| #define LT_OBJDIR ".libs/"
| /* end confdefs.h.  */
| 
| int
| main ()
| {
| 
|   ;
|   return 0;
| }
configure:12238: result: no
configure:12215: checking whether C compiler accepts -mcpu=pentiumpro
configure:12230: gcc -c -mcpu=pentiumpro  conftest.c >&5
gcc: warning: '-mcpu=' is deprecated; use '-mtune=' or '-march=' instead
cc1: error: CPU you selected does not support x86-64 instruction set
configure:12230: $? = 1
configure: failed program was:
| /* confdefs.h */
| #define PACKAGE_NAME "osl"
| #define PACKAGE_TARNAME "osl"
| #define PACKAGE_VERSION "0.9.0"
| #define PACKAGE_STRING "osl 0.9.0"
| #define PACKAGE_BUGREPORT "cedric.bastoul@u-psud.fr,pouchet@cse.ohio-state.edu"
| #define PACKAGE_URL ""
| #define PACKAGE "osl"
| #define VERSION "0.9.0"
| #define STDC_HEADERS 1
| #define HAVE_SYS_TYPES_H 1
| #define HAVE_SYS_STAT_H 1
| #define HAVE_STDLIB_H 1
| #define HAVE_STRING_H 1
| #define HAVE_MEMORY_H 1
| #define HAVE_STRINGS_H 1
| #define HAVE_INTTYPES_H 1
| #define HAVE_STDINT_H 1
| #define HAVE_UNISTD_H 1
| #define HAVE_DLFCN_H 1
| #define LT_OBJDIR ".libs/"
| /* end confdefs.h.  */
| 
| int
| main ()
| {
| 
|   ;
|   return 0;
| }
configure:12238: result: no
configure:12215: checking whether C compiler accepts -mpentiumpro
configure:12230: gcc -c -mpentiumpro  conftest.c >&5
gcc: error: unrecognized command-line option '-mpentiumpro'; did you mean '-march=pentiumpro'?
configure:12230: $? = 1
configure: failed program was:
| /* confdefs.h */
| #define PACKAGE_NAME "osl"
| #define PACKAGE_TARNAME "osl"
| #define PACKAGE_VERSION "0.9.0"
| #define PACKAGE_STRING "osl 0.9.0"
| #define PACKAGE_BUGREPORT "cedric.bastoul@u-psud.fr,pouchet@cse.ohio-state.edu"
| #define PACKAGE_URL ""
| #define PACKAGE "osl"
| #define VERSION "0.9.0"
| #define STDC_HEADERS 1
| #define HAVE_SYS_TYPES_H 1
| #define HAVE_SYS_STAT_H 1
| #define HAVE_STDLIB_H 1
| #define HAVE_STRING_H 1
| #define HAVE_MEMORY_H 1
| #define HAVE_STRINGS_H 1
| #define HAVE_INTTYPES_H 1
| #define HAVE_STDINT_H 1
| #define HAVE_UNISTD_H 1
| #define HAVE_DLFCN_H 1
| #define LT_OBJDIR ".libs/"
| /* end confdefs.h.  */
| 
| int
| main ()
| {
| 
|   ;
|   return 0;
| }
configure:12238: result: no
configure:12255: checking for gcc architecture flag
configure:12257: result: unknown
configure:12279: checking whether C compiler accepts -O3 -fomit-frame-pointer -malign-double -fstrict-aliasing -ffast-math
configure:12294: gcc -c -O3 -fomit-frame-pointer -malign-double -fstrict-aliasing -ffast-math  conftest.c >&5
configure:12294: $? = 0
configure:12302: result: yes
configure:12323: checking CFLAGS_WARN for maximum warnings
configure:12350: gcc -c -O3 -fomit-frame-pointer -malign-double -fstrict-aliasing -ffast-math -pedantic  -Wall  conftest.c >&5
configure:12350: $? = 0
configure:12364: result: -Wall
configure:12377: : CFLAGS_WARN="$CFLAGS_WARN $ac_cv_cflags_warn_all"
configure:12380: $? = 0
configure:12388: checking for an ANSI C-conforming const
configure:12453: gcc -c -O3 -fomit-frame-pointer -malign-double -fstrict-aliasing -ffast-math  conftest.c >&5
configure:12453: $? = 0
configure:12460: result: yes
configure:12468: checking for size_t
configure:12468: gcc -c -O3 -fomit-frame-pointer -malign-double -fstrict-aliasing -ffast-math  conftest.c >&5
configure:12468: $? = 0
configure:12468: gcc -c -O3 -fomit-frame-pointer -malign-double -fstrict-aliasing -ffast-math  conftest.c >&5
conftest.c: In function 'main':
conftest.c:59:21: error: expected expression before ')' token
   59 | if (sizeof ((size_t)))
      |                     ^
configure:12468: $? = 1
configure: failed program was:
| /* confdefs.h */
| #define PACKAGE_NAME "osl"
| #define PACKAGE_TARNAME "osl"
| #define PACKAGE_VERSION "0.9.0"
| #define PACKAGE_STRING "osl 0.9.0"
| #define PACKAGE_BUGREPORT "cedric.bastoul@u-psud.fr,pouchet@cse.ohio-state.edu"
| #define PACKAGE_URL ""
| #define PACKAGE "osl"
| #define VERSION "0.9.0"
| #define STDC_HEADERS 1
| #define HAVE_SYS_TYPES_H 1
| #define HAVE_SYS_STAT_H 1
| #define HAVE_STDLIB_H 1
| #define HAVE_STRING_H 1
| #define HAVE_MEMORY_H 1
| #define HAVE_STRINGS_H 1
| #define HAVE_INTTYPES_H 1
| #define HAVE_STDINT_H 1
| #define HAVE_UNISTD_H 1
| #define HAVE_DLFCN_H 1
| #define LT_OBJDIR ".libs/"
| /* end confdefs.h.  */
| #include <stdio.h>
| #ifdef HAVE_SYS_TYPES_H
| # include <sys/types.h>
| #endif
| #ifdef HAVE_SYS_STAT_H
| # include <sys/stat.h>
| #endif
| #ifdef STDC_HEADERS
| # include <stdlib.h>
| # include <stddef.h>
| #else
| # ifdef HAVE_STDLIB_H
| #  include <stdlib.h>
| # endif
| #endif
| #ifdef HAVE_STRING_H
| # if !defined STDC_HEADERS && defined HAVE_MEMORY_H
| #  include <memory.h>
| # endif
| # include <string.h>
| #endif
| #ifdef HAVE_STRINGS_H
| # include <strings.h>
| #endif
| #ifdef HAVE_INTTYPES_H
| # include <inttypes.h>
| #endif
| #ifdef HAVE_STDINT_H
| # include <stdint.h>
| #endif
| #ifdef HAVE_UNISTD_H
| # include <unistd.h>
| #endif
| int
| main ()
| {
| if (sizeof ((size_t)))
| 	    return 0;
|   ;
|   return 0;
| }
configure:12468: result: yes
configure:12480: checking for ANSI C header files
configure:12584: result: yes
configure:12595: checking errno.h usability
configure:12595: gcc -c -O3 -fomit-frame-pointer -malign-double -fstrict-aliasing -ffast-math  conftest.c >&5
configure:12595: $? = 0
configure:12595: result: yes
configure:12595: checking errno.h presence
configure:12595: gcc -E  conftest.c
configure:12595: $? = 0
configure:12595: result: yes
configure:12595: checking for errno.h
configure:12595: result: yes
configure:12595: checking stddef.h usability
configure:12595: gcc -c -O3 -fomit-frame-pointer -malign-double -fstrict-aliasing -ffast-math  conftest.c >&5
configure:12595: $? = 0
configure:12595: result: yes
configure:12595: checking stddef.h presence
configure:12595: gcc -E  conftest.c
configure:12595: $? = 0
configure:12595: result: yes
configure:12595: checking for stddef.h
configure:12595: result: yes
configure:12595: checking for stdlib.h
configure:12595: result: yes
configure:12595: checking for string.h
configure:12595: result: yes
configure:12595: checking for strings.h
configure:12595: result: yes
configure:12595: checking for unistd.h
configure:12595: result: yes
configure:12608: checking for strtol
configure:12608: gcc -o conftest -O3 -fomit-frame-pointer -malign-double -fstrict-aliasing -ffast-math   conftest.c  >&5
configure:12608: $? = 0
configure:12608: result: yes
configure:12704: checking which gmp to use
configure:12706: result: system
configure:12726: checking gmp.h usability
configure:12726: gcc -c -O3 -fomit-frame-pointer -malign-double -fstrict-aliasing -ffast-math -DOSL_GMP_IS_HERE  conftest.c >&5
configure:12726: $? = 0
configure:12726: result: yes
configure:12726: checking gmp.h presence
configure:12726: gcc -E -DOSL_GMP_IS_HERE  conftest.c
configure:12726: $? = 0
configure:12726: result: yes
configure:12726: checking for gmp.h
configure:12726: result: yes
configure:12734: checking for __gmpz_init in -lgmp
configure:12759: gcc -o conftest -O3 -fomit-frame-pointer -malign-double -fstrict-aliasing -ffast-math -DOSL_GMP_IS_HERE   conftest.c -lgmp   >&5
configure:12759: $? = 0
configure:12768: result: yes
configure:12954: creating ./config.status

## ---------------------- ##
## Running config.status. ##
## ---------------------- ##

This file was extended by osl config.status 0.9.0, which was
generated by GNU Autoconf 2.68.  Invocation command line was

  CONFIG_FILES    = 
  CONFIG_HEADERS  = 
  CONFIG_LINKS    = 
  CONFIG_COMMANDS = 
  $ ./config.status 

on marek-HP-Laptop-15s-fq5xxx

config.status:1029: creating Makefile
config.status:1029: creating doc/Makefile
config.status:1029: creating doc/Doxyfile
config.status:1029: creating include/osl/scop.h
config.status:1029: creating tests/Makefile
config.status:1201: executing depfiles commands
config.status:1201: executing libtool commands

## ---------------- ##
## Cache variables. ##
## ---------------- ##

ac_cv_build=x86_64-unknown-linux-gnu
ac_cv_c_compiler_gnu=yes
ac_cv_c_const=yes
ac_cv_cflags_warn_all=-Wall
ac_cv_env_CC_set=
ac_cv_env_CC_value=
ac_cv_env_CFLAGS_set=
ac_cv_env_CFLAGS_value=
ac_cv_env_CPPFLAGS_set=
ac_cv_env_CPPFLAGS_value=
ac_cv_env_CPP_set=
ac_cv_env_CPP_value=
ac_cv_env_LDFLAGS_set=
ac_cv_env_LDFLAGS_value=
ac_cv_env_LIBS_set=
ac_cv_env_LIBS_value=
ac_cv_env_build_alias_set=
ac_cv_env_build_alias_value=
ac_cv_env_host_alias_set=
ac_cv_env_host_alias_value=
ac_cv_env_target_alias_set=
ac_cv_env_target_alias_value=
ac_cv_func_strtol=yes
ac_cv_header_dlfcn_h=yes
ac_cv_header_errno_h=yes
ac_cv_header_gmp_h=yes
ac_cv_header_inttypes_h=yes
ac_cv_header_memory_h=yes
ac_cv_header_stdc=yes
ac_cv_header_stddef_h=yes
ac_cv_header_stdint_h=yes
ac_cv_header_stdlib_h=yes
ac_cv_header_string_h=yes
ac_cv_header_strings_h=yes
ac_cv_header_sys_stat_h=yes
ac_cv_header_sys_types_h=yes
ac_cv_header_unistd_h=yes
ac_cv_host=x86_64-unknown-linux-gnu
ac_cv_lib_gmp___gmpz_init=yes
ac_cv_objext=o
ac_cv_path_EGREP='/usr/bin/grep -E'
ac_cv_path_FGREP='/usr/bin/grep -F'
ac_cv_path_GREP=/usr/bin/grep
ac_cv_path_SED=/usr/bin/sed
ac_cv_path_install='/usr/bin/install -c'
ac_cv_path_mkdir=/usr/bin/mkdir
ac_cv_prog_AWK=gawk
ac_cv_prog_CPP='gcc -E'
ac_cv_prog_TEXI2PDF=texi2pdf
ac_cv_prog_ac_ct_AR=ar
ac_cv_prog_ac_ct_CC=gcc
ac_cv_prog_ac_ct_MANIFEST_TOOL=mt
ac_cv_prog_ac_ct_OBJDUMP=objdump
ac_cv_prog_ac_ct_RANLIB=ranlib
ac_cv_prog_ac_ct_STRIP=strip
ac_cv_prog_cc_c89=
ac_cv_prog_cc_g=yes
ac_cv_prog_make_make_set=yes
ac_cv_type_size_t=yes
am_cv_CC_dependencies_compiler_type=gcc3
ax_cv_c_compiler_vendor=gnu
ax_cv_c_flags__O3__fomit_frame_pointer__malign_double__fstrict_aliasing__ffast_math=yes
ax_cv_c_flags__ffast_math=yes
ax_cv_c_flags__fstrict_aliasing=yes
ax_cv_c_flags__malign_double=yes
ax_cv_c_flags__march_pentium2=no
ax_cv_c_flags__march_pentiumpro=no
ax_cv_c_flags__mcpu_pentium2=no
ax_cv_c_flags__mcpu_pentiumpro=no
ax_cv_c_flags__mpentium2=no
ax_cv_c_flags__mpentiumpro=no
ax_cv_gcc_archflag=unknown
ax_cv_gcc_x86_cpuid_0=20:756e6547:6c65746e:49656e69
ax_cv_gcc_x86_cpuid_1=906a4:1e400800:7ffafbff:bfebfbff
lt_cv_ar_at_file=@
lt_cv_archive_cmds_need_lc=no
lt_cv_deplibs_check_method=pass_all
lt_cv_file_magic_cmd='$MAGIC_CMD'
lt_cv_file_magic_test_file=
lt_cv_ld_reload_flag=-r
lt_cv_nm_interface='BSD nm'
lt_cv_objdir=.libs
lt_cv_path_LD=/usr/bin/ld
lt_cv_path_NM='/usr/bin/nm -B'
lt_cv_path_mainfest_tool=no
lt_cv_prog_compiler_c_o=yes
lt_cv_prog_compiler_pic='-fPIC -DPIC'
lt_cv_prog_compiler_pic_works=yes
lt_cv_prog_compiler_rtti_exceptions=no
lt_cv_prog_compiler_static_works=yes
lt_cv_prog_gnu_ld=yes
lt_cv_sharedlib_from_linklib_cmd='printf %s\n'
lt_cv_shlibpath_overrides_runpath=yes
lt_cv_sys_global_symbol_pipe='sed -n -e '\''s/^.*[	 ]\([ABCDGIRSTW][ABCDGIRSTW]*\)[	 ][	 ]*\([_A-Za-z][_A-Za-z0-9]*\)$/\1 \2 \2/p'\'' | sed '\''/ __gnu_lto/d'\'''
lt_cv_sys_global_symbol_to_c_name_address='sed -n -e '\''s/^: \([^ ]*\)[ ]*$/  {\"\1\", (void *) 0},/p'\'' -e '\''s/^[ABCDGIRSTW]* \([^ ]*\) \([^ ]*\)$/  {"\2", (void *) \&\2},/p'\'''
lt_cv_sys_global_symbol_to_c_name_address_lib_prefix='sed -n -e '\''s/^: \([^ ]*\)[ ]*$/  {\"\1\", (void *) 0},/p'\'' -e '\''s/^[ABCDGIRSTW]* \([^ ]*\) \(lib[^ ]*\)$/  {"\2", (void *) \&\2},/p'\'' -e '\''s/^[ABCDGIRSTW]* \([^ ]*\) \([^ ]*\)$/  {"lib\2", (void *) \&\2},/p'\'''
lt_cv_sys_global_symbol_to_cdecl='sed -n -e '\''s/^T .* \(.*\)$/extern int \1();/p'\'' -e '\''s/^[ABCDGIRSTW]* .* \(.*\)$/extern char \1;/p'\'''
lt_cv_sys_max_cmd_len=1572864
lt_cv_to_host_file_cmd=func_convert_file_noop
lt_cv_to_tool_file_cmd=func_convert_file_noop

## ----------------- ##
## Output variables. ##
## ----------------- ##

ACLOCAL='${SHELL} /home/marek/traco/traco-code/clan-0.8.0/osl/autoconf/missing --run aclocal-1.11'
AMDEPBACKSLASH='\'
AMDEP_FALSE='#'
AMDEP_TRUE=''
AMTAR='${SHELL} /home/marek/traco/traco-code/clan-0.8.0/osl/autoconf/missing --run tar'
AM_BACKSLASH='\'
AM_DEFAULT_VERBOSITY='0'
AR='ar'
AUTOCONF='${SHELL} /home/marek/traco/traco-code/clan-0.8.0/osl/autoconf/missing --run autoconf'
AUTOHEADER='${SHELL} /home/marek/traco/traco-code/clan-0.8.0/osl/autoconf/missing --run autoheader'
AUTOMAKE='${SHELL} /home/marek/traco/traco-code/clan-0.8.0/osl/autoconf/missing --run automake-1.11'
AWK='gawk'
CC='gcc'
CCDEPMODE='depmode=gcc3'
CD=''
CFLAGS='-O3 -fomit-frame-pointer -malign-double -fstrict-aliasing -ffast-math'
CFLAGS_WARN=' -Wall'
CPP='gcc -E'
CPPFLAGS='-DOSL_GMP_IS_HERE '
CYGPATH_W='echo'
DEFS='-DPACKAGE_NAME=\"osl\" -DPACKAGE_TARNAME=\"osl\" -DPACKAGE_VERSION=\"0.9.0\" -DPACKAGE_STRING=\"osl\ 0.9.0\" -DPACKAGE_BUGREPORT=\"cedric.bastoul@u-psud.fr,pouchet@cse.ohio-state.edu\" -DPACKAGE_URL=\"\" -DPACKAGE=\"osl\" -DVERSION=\"0.9.0\" -DSTDC_HEADERS=1 -DHAVE_SYS_TYPES_H=1 -DHAVE_SYS_STAT_H=1 -DHAVE_STDLIB_H=1 -DHAVE_STRING_H=1 -DHAVE_MEMORY_H=1 -DHAVE_STRINGS_H=1 -DHAVE_INTTYPES_H=1 -DHAVE_STDINT_H=1 -DHAVE_UNISTD_H=1 -DHAVE_DLFCN_H=1 -DLT_OBJDIR=\".libs/\" -DSTDC_HEADERS=1 -DHAVE_ERRNO_H=1 -DHAVE_STDDEF_H=1 -DHAVE_STDLIB_H=1 -DHAVE_STRING_H=1 -DHAVE_STRINGS_H=1 -DHAVE_UNISTD_H=1 -DHAVE_STRTOL=1'
DEPDIR='.deps'
DLLTOOL='false'
DOXYGEN='doxygen'
DSYMUTIL=''
DUMPBIN=''
ECHO_C=''
ECHO_N='-n'
ECHO_T=''
EGREP='/usr/bin/grep -E'
EXEEXT=''
FGREP='/usr/bin/grep -F'
GENERATE_DOC_FALSE='#'
GENERATE_DOC_TRUE=''
GREP='/usr/bin/grep'
INSTALL_DATA='${INSTALL} -m 644'
INSTALL_PROGRAM='${INSTALL}'
INSTALL_SCRIPT='${INSTALL}'
INSTALL_STRIP_PROGRAM='$(install_sh) -c -s'
LD='/usr/bin/ld -m elf_x86_64'
LDFLAGS=''
LIBOBJS=''
LIBS=' -lgmp'
LIBTOOL='$(SHELL) $(top_builddir)/libtool'
LIPO=''
LN_S='ln -s'
LTLIBOBJS=''
MAKEINFO='${SHELL} /home/marek/traco/traco-code/clan-0.8.0/osl/autoconf/missing --run makeinfo'
MANIFEST_TOOL=':'
MKDIR_P='/usr/bin/mkdir -p'
NM='/usr/bin/nm -B'
NMEDIT=''
OBJDUMP='objdump'
OBJEXT='o'
OTOOL64=''
OTOOL=''
PACKAGE='osl'
PACKAGE_BUGREPORT='cedric.bastoul@u-psud.fr,pouchet@cse.ohio-state.edu'
PACKAGE_NAME='osl'
PACKAGE_STRING='osl 0.9.0'
PACKAGE_TARNAME='osl'
PACKAGE_URL=''
PACKAGE_VERSION='0.9.0'
PATH_SEPARATOR=':'
PRTDIAG=''
RANLIB='ranlib'
SED='/usr/bin/sed'
SET_MAKE=''
SHELL='/bin/bash'
STRIP='strip'
TEXI2PDF='texi2pdf'
VERSION='0.9.0'
VERSION_MAJOR=''
VERSION_MINOR=''
VERSION_REVISION=''
abs_top_srcdir=''
ac_aux_dir='autoconf'
ac_ct_AR='ar'
ac_ct_CC='gcc'
ac_ct_DUMPBIN=''
am__EXEEXT_FALSE=''
am__EXEEXT_TRUE='#'
am__fastdepCC_FALSE='#'
am__fastdepCC_TRUE=''
am__include='include'
am__isrc=''
am__leading_dot='.'
am__quote=''
am__tar='${AMTAR} chof - "$$tardir"'
am__untar='${AMTAR} xf -'
bindir='${exec_prefix}/bin'
build='x86_64-unknown-linux-gnu'
build_alias=''
build_cpu='x86_64'
build_os='linux-gnu'
build_vendor='unknown'
datadir='${datarootdir}'
datarootdir='${prefix}/share'
docdir='${datarootdir}/doc/${PACKAGE_TARNAME}'
dvidir='${docdir}'
exec_prefix='${prefix}'
host='x86_64-unknown-linux-gnu'
host_alias=''
host_cpu='x86_64'
host_os='linux-gnu'
host_vendor='unknown'
htmldir='${docdir}'
includedir='${prefix}/include'
infodir='${datarootdir}/info'
install_sh='${SHELL} /home/marek/traco/traco-code/clan-0.8.0/osl/autoconf/install-sh'
libdir='${exec_prefix}/lib'
libexecdir='${exec_prefix}/libexec'
localedir='${datarootdir}/locale'
localstatedir='${prefix}/var'
mandir='${datarootdir}/man'
mkdir_p='/usr/bin/mkdir -p'
oldincludedir='/usr/include'
pdfdir='${docdir}'
prefix='/usr/local'
program_transform_name='s,x,x,'
psdir='${docdir}'
sbindir='${exec_prefix}/sbin'
sharedstatedir='${prefix}/com'
sysconfdir='${prefix}/etc'
target_alias=''

## ----------- ##
## confdefs.h. ##
## ----------- ##

/* confdefs.h */
#define PACKAGE_NAME "osl"
#define PACKAGE_TARNAME "osl"
#define PACKAGE_VERSION "0.9.0"
#define PACKAGE_STRING "osl 0.9.0"
#define PACKAGE_BUGREPORT "cedric.bastoul@u-psud.fr,pouchet@cse.ohio-state.edu"
#define PACKAGE_URL ""
#define PACKAGE "osl"
#define VERSION "0.9.0"
#define STDC_HEADERS 1
#define HAVE_SYS_TYPES_H 1
#define HAVE_SYS_STAT_H 1
#define HAVE_STDLIB_H 1
#define HAVE_STRING_H 1
#define HAVE_MEMORY_H 1
#define HAVE_STRINGS_H 1
#define HAVE_INTTYPES_H 1
#define HAVE_STDINT_H 1
#define HAVE_UNISTD_H 1
#define HAVE_DLFCN_H 1
#define LT_OBJDIR ".libs/"
#define STDC_HEADERS 1
#define HAVE_ERRNO_H 1
#define HAVE_STDDEF_H 1
#define HAVE_STDLIB_H 1
#define HAVE_STRING_H 1
#define HAVE_STRINGS_H 1
#define HAVE_UNISTD_H 1
#define HAVE_STRTOL 1

configure: exit 0
