This file contains any messages produced by compilers while
running configure, to aid debugging if configure makes a mistake.

It was created by polylib configure 5.22.5, which was
generated by GNU Autoconf 2.69.  Invocation command line was

  $ ./configure --disable-option-checking --prefix=/usr/local --enable-shared-barvinok --with-libgmp --with-gmp --with-polylib-builddir=../polylib --with-isl-builddir=../isl --cache-file=/dev/null --srcdir=.

## --------- ##
## Platform. ##
## --------- ##

hostname = marek-HP-Laptop-15s-fq5xxx
uname -m = x86_64
uname -r = 6.8.0-44-generic
uname -s = Linux
uname -v = #44-Ubuntu SMP PREEMPT_DYNAMIC Tue Aug 13 13:35:26 UTC 2024

/usr/bin/uname -p = x86_64
/bin/uname -X     = unknown

/bin/arch              = x86_64
/usr/bin/arch -k       = unknown
/usr/convex/getsysinfo = unknown
/usr/bin/hostinfo      = unknown
/bin/machine           = unknown
/usr/bin/oslevel       = unknown
/bin/universe          = unknown

PATH: /usr/local/sbin
PATH: /usr/local/bin
PATH: /usr/sbin
PATH: /usr/bin
PATH: /sbin
PATH: /bin
PATH: /snap/bin


## ----------- ##
## Core tests. ##
## ----------- ##

configure:2517: checking for a BSD-compatible install
configure:2585: result: /usr/bin/install -c
configure:2596: checking whether build environment is sane
configure:2651: result: yes
configure:2802: checking for a thread-safe mkdir -p
configure:2841: result: /usr/bin/mkdir -p
configure:2848: checking for gawk
configure:2864: found /usr/bin/gawk
configure:2875: result: gawk
configure:2886: checking whether make sets $(MAKE)
configure:2908: result: yes
configure:2937: checking whether make supports nested variables
configure:2954: result: yes
configure:3148: checking for gcc
configure:3164: found /usr/bin/gcc
configure:3175: result: gcc
configure:3404: checking for C compiler version
configure:3413: gcc --version >&5
gcc (Ubuntu 13.2.0-23ubuntu4) 13.2.0
Copyright (C) 2023 Free Software Foundation, Inc.
This is free software; see the source for copying conditions.  There is NO
warranty; not even for MERCHANTABILITY or FITNESS FOR A PARTICULAR PURPOSE.

configure:3424: $? = 0
configure:3413: gcc -v >&5
Using built-in specs.
COLLECT_GCC=gcc
COLLECT_LTO_WRAPPER=/usr/libexec/gcc/x86_64-linux-gnu/13/lto-wrapper
OFFLOAD_TARGET_NAMES=nvptx-none:amdgcn-amdhsa
OFFLOAD_TARGET_DEFAULT=1
Target: x86_64-linux-gnu
Configured with: ../src/configure -v --with-pkgversion='Ubuntu 13.2.0-23ubuntu4' --with-bugurl=file:///usr/share/doc/gcc-13/README.Bugs --enable-languages=c,ada,c++,go,d,fortran,objc,obj-c++,m2 --prefix=/usr --with-gcc-major-version-only --program-suffix=-13 --program-prefix=x86_64-linux-gnu- --enable-shared --enable-linker-build-id --libexecdir=/usr/libexec --without-included-gettext --enable-threads=posix --libdir=/usr/lib --enable-nls --enable-clocale=gnu --enable-libstdcxx-debug --enable-libstdcxx-time=yes --with-default-libstdcxx-abi=new --enable-libstdcxx-backtrace --enable-gnu-unique-object --disable-vtable-verify --enable-plugin --enable-default-pie --with-system-zlib --enable-libphobos-checking=release --with-target-system-zlib=auto --enable-objc-gc=auto --enable-multiarch --disable-werror --enable-cet --with-arch-32=i686 --with-abi=m64 --with-multilib-list=m32,m64,mx32 --enable-multilib --with-tune=generic --enable-offload-targets=nvptx-none=/build/gcc-13-uJ7kn6/gcc-13-13.2.0/debian/tmp-nvptx/usr,amdgcn-amdhsa=/build/gcc-13-uJ7kn6/gcc-13-13.2.0/debian/tmp-gcn/usr --enable-offload-defaulted --without-cuda-driver --enable-checking=release --build=x86_64-linux-gnu --host=x86_64-linux-gnu --target=x86_64-linux-gnu
Thread model: posix
Supported LTO compression algorithms: zlib zstd
gcc version 13.2.0 (Ubuntu 13.2.0-23ubuntu4) 
... rest of stderr output deleted ...
configure:3424: $? = 0
configure:3413: gcc -V >&5
gcc: error: unrecognized command-line option '-V'
gcc: fatal error: no input files
compilation terminated.
configure:3424: $? = 1
configure:3413: gcc -qversion >&5
gcc: error: unrecognized command-line option '-qversion'; did you mean '--version'?
gcc: fatal error: no input files
compilation terminated.
configure:3424: $? = 1
configure:3444: checking whether the C compiler works
configure:3466: gcc    conftest.c  >&5
configure:3470: $? = 0
configure:3518: result: yes
configure:3521: checking for C compiler default output file name
configure:3523: result: a.out
configure:3529: checking for suffix of executables
configure:3536: gcc -o conftest    conftest.c  >&5
configure:3540: $? = 0
configure:3562: result: 
configure:3584: checking whether we are cross compiling
configure:3592: gcc -o conftest    conftest.c  >&5
configure:3596: $? = 0
configure:3603: ./conftest
configure:3607: $? = 0
configure:3622: result: no
configure:3627: checking for suffix of object files
configure:3649: gcc -c   conftest.c >&5
configure:3653: $? = 0
configure:3674: result: o
configure:3678: checking whether we are using the GNU C compiler
configure:3697: gcc -c   conftest.c >&5
configure:3697: $? = 0
configure:3706: result: yes
configure:3715: checking whether gcc accepts -g
configure:3735: gcc -c -g  conftest.c >&5
configure:3735: $? = 0
configure:3776: result: yes
configure:3793: checking for gcc option to accept ISO C89
configure:3856: gcc  -c -g -O2  conftest.c >&5
configure:3856: $? = 0
configure:3869: result: none needed
configure:3894: checking whether gcc understands -c and -o together
configure:3916: gcc -c conftest.c -o conftest2.o
configure:3919: $? = 0
configure:3916: gcc -c conftest.c -o conftest2.o
configure:3919: $? = 0
configure:3931: result: yes
configure:3959: checking for style of include used by make
configure:3987: result: GNU
configure:4013: checking dependency style of gcc
configure:4124: result: gcc3
configure:4139: checking whether ln -s works
configure:4143: result: yes
configure:4180: checking build system type
configure:4194: result: x86_64-unknown-linux-gnu
configure:4214: checking host system type
configure:4227: result: x86_64-unknown-linux-gnu
configure:4268: checking how to print strings
configure:4295: result: printf
configure:4316: checking for a sed that does not truncate output
configure:4380: result: /usr/bin/sed
configure:4398: checking for grep that handles long lines and -e
configure:4456: result: /usr/bin/grep
configure:4461: checking for egrep
configure:4523: result: /usr/bin/grep -E
configure:4528: checking for fgrep
configure:4590: result: /usr/bin/grep -F
configure:4625: checking for ld used by gcc
configure:4692: result: /usr/bin/ld
configure:4699: checking if the linker (/usr/bin/ld) is GNU ld
configure:4714: result: yes
configure:4726: checking for BSD- or MS-compatible name lister (nm)
configure:4780: result: /usr/bin/nm -B
configure:4910: checking the name lister (/usr/bin/nm -B) interface
configure:4917: gcc -c -g -O2  conftest.c >&5
configure:4920: /usr/bin/nm -B "conftest.o"
configure:4923: output
0000000000000000 B some_variable
configure:4930: result: BSD nm
configure:4934: checking the maximum length of command line arguments
configure:5065: result: 1572864
configure:5113: checking how to convert x86_64-unknown-linux-gnu file names to x86_64-unknown-linux-gnu format
configure:5153: result: func_convert_file_noop
configure:5160: checking how to convert x86_64-unknown-linux-gnu file names to toolchain format
configure:5180: result: func_convert_file_noop
configure:5187: checking for /usr/bin/ld option to reload object files
configure:5194: result: -r
configure:5268: checking for objdump
configure:5284: found /usr/bin/objdump
configure:5295: result: objdump
configure:5327: checking how to recognize dependent libraries
configure:5527: result: pass_all
configure:5612: checking for dlltool
configure:5642: result: no
configure:5672: checking how to associate runtime and link libraries
configure:5699: result: printf %s\n
configure:5760: checking for ar
configure:5776: found /usr/bin/ar
configure:5787: result: ar
configure:5824: checking for archiver @FILE support
configure:5841: gcc -c -g -O2  conftest.c >&5
configure:5841: $? = 0
configure:5844: ar cru libconftest.a @conftest.lst >&5
ar: `u' modifier ignored since `D' is the default (see `U')
configure:5847: $? = 0
configure:5852: ar cru libconftest.a @conftest.lst >&5
ar: `u' modifier ignored since `D' is the default (see `U')
ar: conftest.o: No such file or directory
configure:5855: $? = 1
configure:5867: result: @
configure:5925: checking for strip
configure:5941: found /usr/bin/strip
configure:5952: result: strip
configure:6024: checking for ranlib
configure:6040: found /usr/bin/ranlib
configure:6051: result: ranlib
configure:6153: checking command to parse /usr/bin/nm -B output from gcc object
configure:6306: gcc -c -g -O2  conftest.c >&5
configure:6309: $? = 0
configure:6313: /usr/bin/nm -B conftest.o \| sed -n -e 's/^.*[ ]\([ABCDGIRSTW][ABCDGIRSTW]*\)[ ][ ]*\([_A-Za-z][_A-Za-z0-9]*\)$/\1 \2 \2/p' | sed '/ __gnu_lto/d' \> conftest.nm
configure:6316: $? = 0
configure:6382: gcc -o conftest -g -O2   conftest.c conftstm.o >&5
configure:6385: $? = 0
configure:6423: result: ok
configure:6470: checking for sysroot
configure:6500: result: no
configure:6507: checking for a working dd
configure:6545: result: /usr/bin/dd
configure:6549: checking how to truncate binary pipes
configure:6564: result: /usr/bin/dd bs=4096 count=1
configure:6700: gcc -c -g -O2  conftest.c >&5
configure:6703: $? = 0
configure:6893: checking for mt
configure:6909: found /usr/bin/mt
configure:6920: result: mt
configure:6943: checking if mt is a manifest tool
configure:6949: mt '-?'
configure:6957: result: no
configure:7634: checking how to run the C preprocessor
configure:7665: gcc -E  conftest.c
configure:7665: $? = 0
configure:7679: gcc -E  conftest.c
conftest.c:11:10: fatal error: ac_nonexistent.h: No such file or directory
   11 | #include <ac_nonexistent.h>
      |          ^~~~~~~~~~~~~~~~~~
compilation terminated.
configure:7679: $? = 1
configure: failed program was:
| /* confdefs.h */
| #define PACKAGE_NAME "polylib"
| #define PACKAGE_TARNAME "polylib"
| #define PACKAGE_VERSION "5.22.5"
| #define PACKAGE_STRING "polylib 5.22.5"
| #define PACKAGE_BUGREPORT ""
| #define PACKAGE_URL ""
| #define PACKAGE "polylib"
| #define VERSION "5.22.5"
| /* end confdefs.h.  */
| #include <ac_nonexistent.h>
configure:7704: result: gcc -E
configure:7724: gcc -E  conftest.c
configure:7724: $? = 0
configure:7738: gcc -E  conftest.c
conftest.c:11:10: fatal error: ac_nonexistent.h: No such file or directory
   11 | #include <ac_nonexistent.h>
      |          ^~~~~~~~~~~~~~~~~~
compilation terminated.
configure:7738: $? = 1
configure: failed program was:
| /* confdefs.h */
| #define PACKAGE_NAME "polylib"
| #define PACKAGE_TARNAME "polylib"
| #define PACKAGE_VERSION "5.22.5"
| #define PACKAGE_STRING "polylib 5.22.5"
| #define PACKAGE_BUGREPORT ""
| #define PACKAGE_URL ""
| #define PACKAGE "polylib"
| #define VERSION "5.22.5"
| /* end confdefs.h.  */
| #include <ac_nonexistent.h>
configure:7767: checking for ANSI C header files
configure:7787: gcc -c -g -O2  conftest.c >&5
configure:7787: $? = 0
configure:7860: gcc -o conftest -g -O2   conftest.c  >&5
configure:7860: $? = 0
configure:7860: ./conftest
configure:7860: $? = 0
configure:7871: result: yes
configure:7884: checking for sys/types.h
configure:7884: gcc -c -g -O2  conftest.c >&5
configure:7884: $? = 0
configure:7884: result: yes
configure:7884: checking for sys/stat.h
configure:7884: gcc -c -g -O2  conftest.c >&5
configure:7884: $? = 0
configure:7884: result: yes
configure:7884: checking for stdlib.h
configure:7884: gcc -c -g -O2  conftest.c >&5
configure:7884: $? = 0
configure:7884: result: yes
configure:7884: checking for string.h
configure:7884: gcc -c -g -O2  conftest.c >&5
configure:7884: $? = 0
configure:7884: result: yes
configure:7884: checking for memory.h
configure:7884: gcc -c -g -O2  conftest.c >&5
configure:7884: $? = 0
configure:7884: result: yes
configure:7884: checking for strings.h
configure:7884: gcc -c -g -O2  conftest.c >&5
configure:7884: $? = 0
configure:7884: result: yes
configure:7884: checking for inttypes.h
configure:7884: gcc -c -g -O2  conftest.c >&5
configure:7884: $? = 0
configure:7884: result: yes
configure:7884: checking for stdint.h
configure:7884: gcc -c -g -O2  conftest.c >&5
configure:7884: $? = 0
configure:7884: result: yes
configure:7884: checking for unistd.h
configure:7884: gcc -c -g -O2  conftest.c >&5
configure:7884: $? = 0
configure:7884: result: yes
configure:7898: checking for dlfcn.h
configure:7898: gcc -c -g -O2  conftest.c >&5
configure:7898: $? = 0
configure:7898: result: yes
configure:8154: checking for objdir
configure:8169: result: .libs
configure:8433: checking if gcc supports -fno-rtti -fno-exceptions
configure:8451: gcc -c -g -O2  -fno-rtti -fno-exceptions conftest.c >&5
cc1: warning: command-line option '-fno-rtti' is valid for C++/D/ObjC++ but not for C
configure:8455: $? = 0
configure:8468: result: no
configure:8826: checking for gcc option to produce PIC
configure:8833: result: -fPIC -DPIC
configure:8841: checking if gcc PIC flag -fPIC -DPIC works
configure:8859: gcc -c -g -O2  -fPIC -DPIC -DPIC conftest.c >&5
configure:8863: $? = 0
configure:8876: result: yes
configure:8905: checking if gcc static flag -static works
configure:8933: result: yes
configure:8948: checking if gcc supports -c -o file.o
configure:8969: gcc -c -g -O2  -o out/conftest2.o conftest.c >&5
configure:8973: $? = 0
configure:8995: result: yes
configure:9003: checking if gcc supports -c -o file.o
configure:9050: result: yes
configure:9083: checking whether the gcc linker (/usr/bin/ld -m elf_x86_64) supports shared libraries
configure:10346: result: yes
configure:10383: checking whether -lc should be explicitly linked in
configure:10391: gcc -c -g -O2  conftest.c >&5
configure:10394: $? = 0
configure:10409: gcc -shared  -fPIC -DPIC conftest.o  -v -Wl,-soname -Wl,conftest -o conftest 2\>\&1 \| /usr/bin/grep  -lc  \>/dev/null 2\>\&1
configure:10412: $? = 0
configure:10426: result: no
configure:10586: checking dynamic linker characteristics
configure:11167: gcc -o conftest -g -O2   -Wl,-rpath -Wl,/foo conftest.c  >&5
configure:11167: $? = 0
configure:11416: result: GNU/Linux ld.so
configure:11538: checking how to hardcode library paths into programs
configure:11563: result: immediate
configure:12111: checking whether stripping libraries is possible
configure:12116: result: yes
configure:12151: checking if libtool supports shared libraries
configure:12153: result: yes
configure:12156: checking whether to build shared libraries
configure:12181: result: yes
configure:12184: checking whether to build static libraries
configure:12188: result: yes
configure:12227: checking for an ANSI C-conforming const
configure:12293: gcc -c -g -O2  conftest.c >&5
configure:12293: $? = 0
configure:12300: result: yes
configure:12309: checking for ANSI C header files
configure:12413: result: yes
configure:12424: checking limits.h usability
configure:12424: gcc -c -g -O2  conftest.c >&5
configure:12424: $? = 0
configure:12424: result: yes
configure:12424: checking limits.h presence
configure:12424: gcc -E  conftest.c
configure:12424: $? = 0
configure:12424: result: yes
configure:12424: checking for limits.h
configure:12424: result: yes
configure:12424: checking for unistd.h
configure:12424: result: yes
configure:12436: checking getopt.h usability
configure:12436: gcc -c -g -O2  conftest.c >&5
configure:12436: $? = 0
configure:12436: result: yes
configure:12436: checking getopt.h presence
configure:12436: gcc -E  conftest.c
configure:12436: $? = 0
configure:12436: result: yes
configure:12436: checking for getopt.h
configure:12436: result: yes
configure:12453: checking size of int
configure:12458: gcc -o conftest -g -O2   conftest.c  >&5
configure:12458: $? = 0
configure:12458: ./conftest
configure:12458: $? = 0
configure:12472: result: 4
configure:12486: checking size of long int
configure:12491: gcc -o conftest -g -O2   conftest.c  >&5
configure:12491: $? = 0
configure:12491: ./conftest
configure:12491: $? = 0
configure:12505: result: 8
configure:12519: checking size of long long int
configure:12524: gcc -o conftest -g -O2   conftest.c  >&5
configure:12524: $? = 0
configure:12524: ./conftest
configure:12524: $? = 0
configure:12538: result: 8
configure:12616: checking whether to use GMP
configure:12630: result: yes
configure:12640: checking gmp.h usability
configure:12640: gcc -c -g -O2  conftest.c >&5
configure:12640: $? = 0
configure:12640: result: yes
configure:12640: checking gmp.h presence
configure:12640: gcc -E  conftest.c
configure:12640: $? = 0
configure:12640: result: yes
configure:12640: checking for gmp.h
configure:12640: result: yes
configure:12642: checking for main in -lgmp
configure:12661: gcc -o conftest -g -O2   conftest.c -lgmp   >&5
configure:12661: $? = 0
configure:12670: result: yes
configure:12686: checking whether mp_get_memory_functions is declared
configure:12686: gcc -c -g -O2  conftest.c >&5
configure:12686: $? = 0
configure:12686: result: yes
configure:12786: checking for doxygen
configure:12815: result: test
configure:12837: checking our pkgconfig libname
configure:12845: result: polylibgmp
configure:12848: checking our pkgconfig version
configure:12856: result: 5.22.5
configure:12859: checking our pkgconfig_libdir
configure:12866: result: ${libdir}/pkgconfig
configure:12869: result: expanded our pkgconfig_libdir... /usr/local/lib/pkgconfig
configure:12873: checking our pkgconfig_libfile
configure:12879: result: polylibgmp.pc
configure:12886: checking our package / suffix
configure:12890: result: polylibgmp / 
configure:12893: checking our pkgconfig description
configure:12900: result: polylibgmp Library
configure:12903: checking our pkgconfig requires
configure:12908: result: 
configure:12911: checking our pkgconfig ext libs
configure:12918: result: -lpolylibgmp -lgmp
configure:12921: checking our pkgconfig cppflags
configure:12926: result: 
configure:12929: checking our pkgconfig ldflags
configure:12934: result: 
configure:12974: result: noninstalled pkgconfig -L /home/marek/traco/traco-code/barvinok-0.41/polylib/.libs
configure:13009: result: noninstalled pkgconfig -I /home/marek/traco/traco-code/barvinok-0.41/polylib/./include
configure:13122: checking that generated files are newer than configure
configure:13128: result: done
configure:13151: creating ./config.status

## ---------------------- ##
## Running config.status. ##
## ---------------------- ##

This file was extended by polylib config.status 5.22.5, which was
generated by GNU Autoconf 2.69.  Invocation command line was

  CONFIG_FILES    = 
  CONFIG_HEADERS  = 
  CONFIG_LINKS    = 
  CONFIG_COMMANDS = 
  $ ./config.status 

on marek-HP-Laptop-15s-fq5xxx

config.status:1140: creating Makefile
config.status:1140: creating include/Makefile
config.status:1140: creating include/polylib/Makefile
config.status:1140: creating include/polylib/polylib.h
config.status:1140: creating Test/Makefile
config.status:1140: creating Test/Zpolytest/Makefile
config.status:1140: creating Test/ehrhart/Makefile
config.status:1140: creating Test/ehrhart_union/Makefile
config.status:1140: creating Test/ranking/Makefile
config.status:1140: creating Test/general/Makefile
config.status:1140: creating Test/pp/Makefile
config.status:1140: creating polylib.doxygen
config.status:1140: creating config.h
config.status:1369: executing depfiles commands
config.status:1369: executing libtool commands
config.status:1369: executing polylibgmp.pc commands
config.status:2020: creating polylibgmp.pc.in
config.status:2043: creating polylibgmp.pc
config.status:2069: creating polylibgmp-uninstalled.pc
config.status:2099: creating polylibgmp-uninstalled.sh

## ---------------- ##
## Cache variables. ##
## ---------------- ##

ac_cv_build=x86_64-unknown-linux-gnu
ac_cv_c_compiler_gnu=yes
ac_cv_c_const=yes
ac_cv_env_CC_set=
ac_cv_env_CC_value=
ac_cv_env_CFLAGS_set=
ac_cv_env_CFLAGS_value=
ac_cv_env_CPPFLAGS_set=
ac_cv_env_CPPFLAGS_value=
ac_cv_env_CPP_set=
ac_cv_env_CPP_value=
ac_cv_env_LDFLAGS_set=
ac_cv_env_LDFLAGS_value=
ac_cv_env_LIBS_set=
ac_cv_env_LIBS_value=
ac_cv_env_LT_SYS_LIBRARY_PATH_set=
ac_cv_env_LT_SYS_LIBRARY_PATH_value=
ac_cv_env_build_alias_set=
ac_cv_env_build_alias_value=
ac_cv_env_host_alias_set=
ac_cv_env_host_alias_value=
ac_cv_env_target_alias_set=
ac_cv_env_target_alias_value=
ac_cv_have_decl_mp_get_memory_functions=yes
ac_cv_header_dlfcn_h=yes
ac_cv_header_getopt_h=yes
ac_cv_header_gmp_h=yes
ac_cv_header_inttypes_h=yes
ac_cv_header_limits_h=yes
ac_cv_header_memory_h=yes
ac_cv_header_stdc=yes
ac_cv_header_stdint_h=yes
ac_cv_header_stdlib_h=yes
ac_cv_header_string_h=yes
ac_cv_header_strings_h=yes
ac_cv_header_sys_stat_h=yes
ac_cv_header_sys_types_h=yes
ac_cv_header_unistd_h=yes
ac_cv_host=x86_64-unknown-linux-gnu
ac_cv_lib_gmp_main=yes
ac_cv_objext=o
ac_cv_path_EGREP='/usr/bin/grep -E'
ac_cv_path_FGREP='/usr/bin/grep -F'
ac_cv_path_GREP=/usr/bin/grep
ac_cv_path_SED=/usr/bin/sed
ac_cv_path_install='/usr/bin/install -c'
ac_cv_path_lt_DD=/usr/bin/dd
ac_cv_path_mkdir=/usr/bin/mkdir
ac_cv_prog_AWK=gawk
ac_cv_prog_CPP='gcc -E'
ac_cv_prog_DOXYGEN=test
ac_cv_prog_ac_ct_AR=ar
ac_cv_prog_ac_ct_CC=gcc
ac_cv_prog_ac_ct_MANIFEST_TOOL=mt
ac_cv_prog_ac_ct_OBJDUMP=objdump
ac_cv_prog_ac_ct_RANLIB=ranlib
ac_cv_prog_ac_ct_STRIP=strip
ac_cv_prog_cc_c89=
ac_cv_prog_cc_g=yes
ac_cv_prog_make_make_set=yes
ac_cv_sizeof_int=4
ac_cv_sizeof_long_int=8
ac_cv_sizeof_long_long_int=8
am_cv_CC_dependencies_compiler_type=gcc3
am_cv_make_support_nested_variables=yes
am_cv_prog_cc_c_o=yes
lt_cv_ar_at_file=@
lt_cv_archive_cmds_need_lc=no
lt_cv_deplibs_check_method=pass_all
lt_cv_file_magic_cmd='$MAGIC_CMD'
lt_cv_file_magic_test_file=
lt_cv_ld_reload_flag=-r
lt_cv_nm_interface='BSD nm'
lt_cv_objdir=.libs
lt_cv_path_LD=/usr/bin/ld
lt_cv_path_NM='/usr/bin/nm -B'
lt_cv_path_mainfest_tool=no
lt_cv_prog_compiler_c_o=yes
lt_cv_prog_compiler_pic='-fPIC -DPIC'
lt_cv_prog_compiler_pic_works=yes
lt_cv_prog_compiler_rtti_exceptions=no
lt_cv_prog_compiler_static_works=yes
lt_cv_prog_gnu_ld=yes
lt_cv_sharedlib_from_linklib_cmd='printf %s\n'
lt_cv_shlibpath_overrides_runpath=yes
lt_cv_sys_global_symbol_pipe='sed -n -e '\''s/^.*[	 ]\([ABCDGIRSTW][ABCDGIRSTW]*\)[	 ][	 ]*\([_A-Za-z][_A-Za-z0-9]*\)$/\1 \2 \2/p'\'' | sed '\''/ __gnu_lto/d'\'''
lt_cv_sys_global_symbol_to_c_name_address='sed -n -e '\''s/^: \(.*\) .*$/  {"\1", (void *) 0},/p'\'' -e '\''s/^[ABCDGIRSTW][ABCDGIRSTW]* .* \(.*\)$/  {"\1", (void *) \&\1},/p'\'''
lt_cv_sys_global_symbol_to_c_name_address_lib_prefix='sed -n -e '\''s/^: \(.*\) .*$/  {"\1", (void *) 0},/p'\'' -e '\''s/^[ABCDGIRSTW][ABCDGIRSTW]* .* \(lib.*\)$/  {"\1", (void *) \&\1},/p'\'' -e '\''s/^[ABCDGIRSTW][ABCDGIRSTW]* .* \(.*\)$/  {"lib\1", (void *) \&\1},/p'\'''
lt_cv_sys_global_symbol_to_cdecl='sed -n -e '\''s/^T .* \(.*\)$/extern int \1();/p'\'' -e '\''s/^[ABCDGIRSTW][ABCDGIRSTW]* .* \(.*\)$/extern char \1;/p'\'''
lt_cv_sys_global_symbol_to_import=
lt_cv_sys_max_cmd_len=1572864
lt_cv_to_host_file_cmd=func_convert_file_noop
lt_cv_to_tool_file_cmd=func_convert_file_noop
lt_cv_truncate_bin='/usr/bin/dd bs=4096 count=1'
poly_cv_gmpfatal=no

## ----------------- ##
## Output variables. ##
## ----------------- ##

#define LINEAR_VALUE_PROTECT_MULTIPLY'
ACLOCAL='${SHELL} /home/marek/traco/traco-code/barvinok-0.41/missing aclocal-1.15'
ALL_BITS='gmp '
AMDEPBACKSLASH='\'
AMDEP_FALSE='#'
AMDEP_TRUE=''
AMTAR='$${TAR-tar}'
AM_BACKSLASH='\'
AM_DEFAULT_V='$(AM_DEFAULT_VERBOSITY)'
AM_DEFAULT_VERBOSITY='1'
AM_V='$(V)'
AR='ar'
AUTOCONF='${SHELL} /home/marek/traco/traco-code/barvinok-0.41/missing autoconf'
AUTOHEADER='${SHELL} /home/marek/traco/traco-code/barvinok-0.41/missing autoheader'
AUTOMAKE='${SHELL} /home/marek/traco/traco-code/barvinok-0.41/missing automake-1.15'
AWK='gawk'
BITS='gmp'
CC='gcc'
CCDEPMODE='depmode=gcc3'
CFLAGS='-g -O2'
CPP='gcc -E'
CPPFLAGS=''
CYGPATH_W='echo'
DEFS='-DHAVE_CONFIG_H'
DEPDIR='.deps'
DLLTOOL='false'
DOXYGEN='test'
DSYMUTIL=''
DUMPBIN=''
ECHO_C=''
ECHO_N='-n'
ECHO_T=''
EGREP='/usr/bin/grep -E'
EXEEXT=''
FGREP='/usr/bin/grep -F'
GREP='/usr/bin/grep'
INSTALL_DATA='${INSTALL} -m 644'
INSTALL_PROGRAM='${INSTALL}'
INSTALL_SCRIPT='${INSTALL}'
INSTALL_STRIP_PROGRAM='$(install_sh) -c -s'
LD='/usr/bin/ld -m elf_x86_64'
LDFLAGS=''
LIBOBJS=''
LIBS='-lgmp '
LIBTOOL='$(SHELL) $(top_builddir)/libtool'
LIPO=''
LN_S='ln -s'
LTLIBOBJS=''
LT_SYS_LIBRARY_PATH=''
MAKEINFO='${SHELL} /home/marek/traco/traco-code/barvinok-0.41/missing makeinfo'
MANIFEST_TOOL=':'
MKDIR_P='/usr/bin/mkdir -p'
NM='/usr/bin/nm -B'
NMEDIT=''
OBJDUMP='objdump'
OBJEXT='o'
OTOOL64=''
OTOOL=''
PACKAGE='polylib'
PACKAGE_BUGREPORT=''
PACKAGE_NAME='polylibgmp'
PACKAGE_STRING='polylib 5.22.5'
PACKAGE_TARNAME='polylib'
PACKAGE_URL=''
PACKAGE_VERSION='5.22.5'
PATH_SEPARATOR=':'
RANLIB='ranlib'
SED='/usr/bin/sed'
SET_MAKE=''
SHELL='/bin/bash'
STRIP='strip'
VERSION='5.22.5'
ac_ct_AR='ar'
ac_ct_CC='gcc'
ac_ct_DUMPBIN=''
am__EXEEXT_FALSE=''
am__EXEEXT_TRUE='#'
am__fastdepCC_FALSE='#'
am__fastdepCC_TRUE=''
am__include='include'
am__isrc=''
am__leading_dot='.'
am__nodep='_no'
am__quote=''
am__tar='$${TAR-tar} chof - "$$tardir"'
am__untar='$${TAR-tar} xf -'
bindir='${exec_prefix}/bin'
build='x86_64-unknown-linux-gnu'
build_alias=''
build_cpu='x86_64'
build_os='linux-gnu'
build_vendor='unknown'
datadir='${datarootdir}'
datarootdir='${prefix}/share'
docdir='${datarootdir}/doc/${PACKAGE_TARNAME}'
dvidir='${docdir}'
exec_prefix='${prefix}'
host='x86_64-unknown-linux-gnu'
host_alias=''
host_cpu='x86_64'
host_os='linux-gnu'
host_vendor='unknown'
htmldir='${docdir}'
includedir='${prefix}/include'
infodir='${datarootdir}/info'
install_sh='${SHELL} /home/marek/traco/traco-code/barvinok-0.41/install-sh'
libdir='${exec_prefix}/lib'
libexecdir='${exec_prefix}/libexec'
localedir='${datarootdir}/locale'
localstatedir='${prefix}/var'
mandir='${datarootdir}/man'
mkdir_p='$(MKDIR_P)'
multi_bin_programs=' $(multi_bin_programs_gmp)'
multi_noinst_programs=' $(no_inst_programs_gmp)'
oldincludedir='/usr/include'
pdfdir='${docdir}'
pkgconfig_libdir='${libdir}/pkgconfig'
pkgconfig_libfile='polylibgmp.pc'
polylib128_defs=''
polylib32_defs='#define LINEAR_VALUE_IS_INT'
polylib64_defs='#define LINEAR_VALUE_IS_LONG
polylib='libpolylibgmp.la'
polylibs='libpolylibgmp.la '
prefix='/usr/local'
program_transform_name='s,x,x,'
psdir='${docdir}'
runstatedir='${localstatedir}/run'
sbindir='${exec_prefix}/sbin'
sharedstatedir='${prefix}/com'
sysconfdir='${prefix}/etc'
target_alias=''
versioninfo='9:0:1'

## ----------- ##
## confdefs.h. ##
## ----------- ##

/* confdefs.h */
#define PACKAGE_NAME "polylib"
#define PACKAGE_TARNAME "polylib"
#define PACKAGE_VERSION "5.22.5"
#define PACKAGE_STRING "polylib 5.22.5"
#define PACKAGE_BUGREPORT ""
#define PACKAGE_URL ""
#define PACKAGE "polylib"
#define VERSION "5.22.5"
#define STDC_HEADERS 1
#define HAVE_SYS_TYPES_H 1
#define HAVE_SYS_STAT_H 1
#define HAVE_STDLIB_H 1
#define HAVE_STRING_H 1
#define HAVE_MEMORY_H 1
#define HAVE_STRINGS_H 1
#define HAVE_INTTYPES_H 1
#define HAVE_STDINT_H 1
#define HAVE_UNISTD_H 1
#define HAVE_DLFCN_H 1
#define LT_OBJDIR ".libs/"
#define STDC_HEADERS 1
#define HAVE_LIMITS_H 1
#define HAVE_UNISTD_H 1
#define HAVE_GETOPT_H 1
#define SIZEOF_INT 4
#define SIZEOF_LONG_INT 8
#define SIZEOF_LONG_LONG_INT 8
#define HAVE_DECL_MP_GET_MEMORY_FUNCTIONS 1

configure: exit 0
